
-------------------------------------------------------------------------------


-------------------------------------------------------------------------------


-------------------------------------------------------------------------------


-------------------------------------------------------------------------------


-------------------------------------------------------------------------------


----------- SCAN SUMMARY -----------
Known viruses: 8680109
Engine version: 0.103.9
Scanned directories: 1
Scanned files: 1
Infected files: 0
Data scanned: 1.67 MB
Data read: 1.57 MB (ratio 1.06:1)
Time: 14.775 sec (0 m 14 s)
Start Date: 2023:12:07 22:46:25
End Date:   2023:12:07 22:46:39

-------------------------------------------------------------------------------


----------- SCAN SUMMARY -----------
Known viruses: 8680109
Engine version: 0.103.9
Scanned directories: 1
Scanned files: 2
Infected files: 0
Data scanned: 1.76 MB
Data read: 1.61 MB (ratio 1.09:1)
Time: 14.559 sec (0 m 14 s)
Start Date: 2023:12:07 22:50:10
End Date:   2023:12:07 22:50:24
